=~=~=~=~=~=~=~=~=~=~=~= PuTTY log 2019.05.17 18:11:32 =~=~=~=~=~=~=~=~=~=~=~=
46,25.00
46,27.00
46,24.00
47,24.00
47,22.00
47,28.00
48,29.00
48,26.00
49,31.00
49,21.00
49,22.00
49,28.00
50,29.00
50,25.00
58,28.00
69,19.00
79,26.00
90,29.00
101,22.00
112,27.00
124,27.00
134,25.00
147,24.00
157,26.00
173,21.00
181,24.00
193,29.00
207,28.00
218,16.00
228,24.00
239,20.00
252,17.00
261,21.00
274,38.00
284,20.00
295,24.00
306,29.00
318,19.00
331,25.00
341,28.00
352,15.00
364,21.00
375,26.00
387,22.00
398,25.00
409,31.00
421,22.00
434,18.00
444,28.00
455,20.00
467,20.00
478,22.00
490,27.00
501,22.00
513,20.00
524,31.00
536,16.00
547,22.00
558,27.00
570,19.00
581,25.00
593,31.00
604,20.00
616,31.00
627,33.00
639,34.00
650,41.00
662,46.00
673,62.00
684,55.00
696,62.00
707,65.00
719,58.00
730,60.00
743,65.00
753,60.00
765,63.00
776,60.00
788,61.00
799,56.00
810,56.00
822,62.00
833,55.00
846,50.00
856,56.00
868,56.00
879,49.00
891,57.00
902,46.00
914,50.00
925,54.00
937,55.00
948,55.00
959,53.00
971,48.00
982,44.00
994,39.00
1005,31.00
1018,28.00
1030,28.00
1044,31.00
1055,31.00
1068,25.00
1081,26.00
1093,32.00
1105,22.00
1118,24.00
1130,25.00
1145,29.00
1155,30.00
1168,36.00
1180,43.00
1193,65.00
1205,54.00
1218,56.00
1230,64.00
1243,62.00
1256,54.00
1268,52.00
1280,53.00
1293,57.00
1305,52.00
1318,52.00
1330,38.00
1343,39.00
1356,29.00
1368,28.00
1380,40.00
1393,55.00
1405,50.00
1418,51.00
1430,48.00
1443,48.00
1456,41.00
1468,45.00
1480,50.00
1493,48.00
1505,42.00
1518,45.00
1530,42.00
1543,50.00
1556,45.00
1568,50.00
1580,45.00
1593,48.00
1605,44.00
1618,46.00
1630,44.00
1643,44.00
1656,45.00
1668,44.00
1680,49.00
1693,56.00
1705,48.00
1718,53.00
1730,50.00
1743,53.00
1755,46.00
1768,50.00
1780,51.00
1793,53.00
1805,48.00
1818,48.00
1830,48.00
1843,48.00
1855,42.00
1869,45.00
1880,49.00
1893,50.00
1905,44.00
1918,44.00
1930,43.00
1943,52.00
1955,43.00
1968,54.00
1981,48.00
1993,48.00
2005,41.00
2018,46.00
2030,46.00
2043,49.00
2055,44.00
2069,43.00
2080,48.00
2093,49.00
2105,45.00
2118,45.00
2130,43.00
2143,46.00
2155,43.00
2168,49.00
2180,48.00
2193,50.00
2205,45.00
2218,45.00
2230,45.00
2243,49.00
2255,39.00
2268,46.00
2282,43.00
2293,48.00
2305,40.00
2318,43.00
2330,41.00
2343,48.00
2355,46.00
2368,43.00
2380,45.00
2393,48.00
2405,41.00
2418,43.00
2430,43.00
2443,46.00
2455,42.00
2468,44.00
2481,48.00
2493,48.00
2505,42.00
2518,43.00
2530,49.00
2543,50.00
2555,43.00
2568,44.00
2581,42.00
2593,46.00
2605,44.00
2618,45.00
2630,43.00
2643,48.00
2655,37.00
2668,41.00
2681,40.00
2693,44.00
2705,39.00
2718,42.00
2730,39.00
2743,43.00
2755,39.00
2768,42.00
2781,44.00
2793,44.00
2805,43.00
2818,48.00
2830,38.00
2843,48.00
2855,41.00
2868,41.00
2880,41.00
2894,44.00
2905,37.00
2918,41.00
2930,38.00
2943,76.00
2955,37.00
2968,41.00
2980,32.00
2994,36.00
3005,27.00
3018,37.00
3030,32.00
3043,30.00
3055,29.00
3068,30.00
3080,28.00
3094,31.00
3105,29.00
3118,32.00
3130,37.00
3143,51.00
3155,45.00
3168,65.00
3180,61.00
3194,61.00
3205,60.00
3218,54.00
3230,52.00
3243,56.00
3255,51.00
3268,54.00
3280,49.00
3294,54.00
3305,45.00
3318,52.00
3330,50.00
3343,52.00
3355,48.00
3368,53.00
3380,52.00
3393,54.00
3406,49.00
3418,48.00
3430,42.00
3443,51.00
3455,42.00
3468,45.00
3480,51.00
3493,52.00
3506,48.00
3518,54.00
3530,32.00
3543,28.00
3555,26.00
3568,34.00
3580,25.00
3593,27.00
3606,21.00
3618,25.00
3630,24.00
3643,25.00
3655,21.00
3668,24.00
3680,21.00
3693,29.00
3706,29.00
3718,34.00
3730,52.00
3743,61.00
3755,54.00
3768,55.00
3780,52.00
3793,53.00
3806,49.00
3818,53.00
3830,48.00
3843,54.00
3855,45.00
3868,45.00
3880,52.00
3893,56.00
3905,46.00
3918,54.00
3930,53.00
3943,52.00
3955,50.00
3968,50.00
3980,49.00
3993,52.00
4005,44.00
4018,49.00
4030,49.00
4043,48.00
4055,45.00
4068,50.00
4080,48.00
4093,51.00
4105,49.00
4119,48.00
4130,49.00
4143,52.00
4155,55.00
4168,62.00
4180,40.00
4193,55.00
4205,34.00
4218,46.00
4230,48.00
4243,51.00
4255,34.00
4268,42.00
4280,42.00
4293,43.00
4305,36.00
4319,51.00
4330,48.00
4343,53.00
4355,44.00
4368,46.00
4380,46.00
4393,48.00
4405,41.00
4418,44.00
4430,44.00
4443,49.00
4455,43.00
4468,45.00
4480,48.00
4493,50.00
4505,44.00
4518,51.00
4532,44.00
4543,46.00
4555,43.00
4568,49.00
4580,45.00
4593,51.00
4605,42.00
4618,49.00
4631,43.00
4643,44.00
4655,39.00
4668,45.00
4680,42.00
4693,48.00
4705,42.00
4718,49.00
4731,43.00
4743,46.00
4755,50.00
4768,53.00
4780,49.00
4793,51.00
4805,39.00
4818,48.00
4831,43.00
4843,48.00
4855,40.00
4868,44.00
4880,46.00
4893,50.00
4905,40.00
4918,54.00
4931,43.00
4943,48.00
4955,43.00
4968,44.00
4980,43.00
4993,48.00
5005,42.00
5018,51.00
5030,43.00
5043,50.00
5055,48.00
5068,46.00
5080,45.00
5093,44.00
5105,44.00
5118,48.00
5130,48.00
5144,48.00
5155,42.00
5168,50.00
5180,48.00
5193,51.00
5205,42.00
5218,48.00
5230,44.00
5244,50.00
5255,43.00
5268,46.00
5280,44.00
5293,48.00
5305,40.00
5318,46.00
5330,76.00
5344,30.00
5355,15.00
5368,19.00
5380,24.00
5393,18.00
5405,15.00
5418,29.00
5430,25.00
5444,29.00
5455,17.00
5468,27.00
5480,33.00
5493,25.00
5505,29.00
5518,63.00
5530,70.00
5543,62.00
5555,51.00
5568,52.00
5580,52.00
5593,56.00
5605,44.00
5618,49.00
5630,52.00
5643,52.00
5656,48.00
5668,48.00
5680,51.00
5693,44.00
5705,41.00
5718,46.00
5730,49.00
5743,48.00
5756,44.00
5768,48.00
5780,50.00
5793,44.00
5805,45.00
5818,45.00
5830,46.00
5843,45.00
5856,40.00
5868,43.00
5880,46.00
5893,42.00
5905,46.00
5918,45.00
5930,50.00
5943,56.00
5956,33.00
5968,54.00
5980,56.00
5993,42.00
6005,43.00
6018,42.00
6030,50.00
6043,39.00
6055,34.00
6068,41.00
6080,46.00
6093,41.00
6105,50.00
6118,53.00
6130,58.00
6143,52.00
6155,43.00
6169,46.00
6180,45.00
6193,49.00
6205,49.00
6218,45.00
6230,46.00
6243,45.00
6255,41.00
6268,44.00
6280,48.00
6293,46.00
6305,44.00
6318,42.00
6330,45.00
6343,42.00
6355,43.00
6368,45.00
6380,46.00
6393,44.00
6405,44.00
6418,41.00
6430,46.00
6443,42.00
6455,42.00
6469,43.00
6480,45.00
6493,40.00
6505,41.00
6518,72.00
6530,39.00
6543,18.00
6555,14.00
6568,18.00
6580,20.00
6593,19.00
6605,18.00
6618,16.00
6630,21.00
6643,16.00
6655,16.00
6668,33.00
6681,73.00
6693,65.00
6705,62.00
6718,60.00
6730,57.00
6743,58.00
6755,57.00
6768,54.00
6781,58.00
6793,54.00
6805,54.00
6818,54.00
6830,58.00
6843,58.00
6855,61.00
6868,57.00
6881,62.00
6893,56.00
6905,61.00
6918,56.00
6930,58.00
6943,56.00
6955,57.00
6968,53.00
6981,57.00
6993,54.00
7005,58.00
7018,60.00
7030,55.00
7043,53.00
7055,58.00
7068,53.00
7081,58.00
7093,53.00
7105,82.00
7118,50.00
7130,34.00
7143,24.00
7155,32.00
7168,30.00
7180,37.00
7193,19.00
7205,34.00
7218,27.00
7230,38.00
7243,40.00
7255,51.00
7268,60.00
7280,66.00
7294,53.00
7305,56.00
7318,51.00
7330,52.00
7343,54.00
7355,55.00
7368,54.00
7380,58.00
7393,62.00
7405,52.00
7418,50.00
7430,57.00
7443,53.00
7455,54.00
7468,55.00
7480,62.00
7493,55.00
7505,54.00
7518,50.00
7530,55.00
7543,52.00
7555,56.00
7568,49.00
7580,56.00
7593,46.00
7605,49.00
7618,50.00
7630,55.00
7643,54.00
7655,50.00
7668,55.00
7680,91.00
7693,32.00
7705,39.00
7718,29.00
7730,33.00
7743,28.00
7755,29.00
7768,30.00
7780,40.00
7793,30.00
7806,39.00
7818,48.00
7830,72.00
7843,72.00
7855,73.00
7868,70.00
7880,67.00
7893,64.00
7906,63.00
7918,57.00
7930,65.00
7943,61.00
7955,55.00
7968,62.00
7980,64.00
7993,62.00
8006,62.00
8018,57.00
8030,64.00
8043,55.00
8055,55.00
8068,60.00
8080,57.00
8093,57.00
8106,53.00
8118,53.00
8130,60.00
8143,55.00
8155,52.00
8168,57.00
8180,60.00
8193,48.00
8205,51.00
8218,55.00
8230,63.00
8243,60.00
8255,57.00
8267,73.00
8280,87.00
8293,41.00
8305,36.00
8318,29.00
8330,31.00
8343,29.00
8355,31.00
8367,31.00
8380,33.00
8392,26.00
8405,46.00
8418,61.00
8430,94.00
8443,79.00
8455,79.00
8467,79.00
8480,81.00
8492,70.00
8505,72.00
8518,78.00
8530,69.00
8543,69.00
8555,70.00
8567,69.00
8580,75.00
8592,64.00
8605,72.00
8618,68.00
8630,72.00
8643,67.00
8655,73.00
8667,68.00
8680,68.00
8692,61.00
8705,65.00
8717,62.00
8730,64.00
8743,49.00
8755,67.00
8768,63.00
8780,65.00
8792,60.00
8805,63.00
8817,64.00
8831,66.00
8843,62.00
8855,60.00
8867,27.00
8880,26.00
8892,21.00
8905,28.00
8917,24.00
8931,24.00
8943,18.00
8955,28.00
8967,24.00
8980,28.00
8992,20.00
9005,25.00
9017,32.00
9031,48.00
9043,50.00
9055,84.00
9067,85.00
9080,85.00
9092,62.00
9105,74.00
9117,67.00
9131,67.00
9143,54.00
9155,61.00
9167,64.00
9180,67.00
9192,62.00
9205,68.00
9217,69.00
9230,63.00
9243,62.00
9255,66.00
9268,61.00
9280,66.00
9292,61.00
9305,64.00
9317,63.00
9330,74.00
9343,57.00
9355,60.00
9367,61.00
9380,61.00
9392,56.00
9405,56.00
9417,60.00
9430,64.00
9443,51.00
9455,52.00
9467,74.00
9480,54.00
9493,32.00
9505,27.00
9517,27.00
9530,25.00
9545,24.00
9555,33.00
9567,30.00
9580,26.00
9592,20.00
9605,34.00
9617,29.00
9630,28.00
9644,26.00
9655,58.00
9667,80.00
9680,76.00
9692,68.00
9705,66.00
9718,68.00
9730,63.00
9743,57.00
9755,66.00
9767,61.00
9780,62.00
9792,56.00
9805,63.00
9817,64.00
9830,63.00
9843,62.00
9855,61.00
9867,64.00
9880,65.00
9892,61.00
9905,61.00
9917,64.00
9930,64.00
9943,63.00
9956,66.00
9967,66.00
9980,55.00
9992,61.00
10005,66.00
10018,66.00
10032,74.00
10046,57.00
10060,31.00
10073,43.00
10086,36.00
10100,33.00
10113,29.00
10127,28.00
10140,38.00
10155,29.00
10167,46.00
10181,62.00
10195,62.00
10208,91.00
10222,90.00
10235,73.00
10249,86.00
10263,77.00
10276,75.00
10289,77.00
10303,76.00
10316,77.00
10330,77.00
10344,72.00
10358,69.00
10371,68.00
10384,69.00
10398,81.00
10411,68.00
10425,75.00
10438,76.00
10452,69.00
10466,73.00
10479,69.00
10492,68.00
10506,70.00
10519,72.00
10533,72.00
10547,64.00
10560,66.00
10574,65.00
10587,69.00
10601,77.00
10615,42.00
10628,21.00
10641,28.00
10655,32.00
10670,28.00
10682,31.00
10696,27.00
10709,26.00
10723,30.00
10736,32.00
10750,42.00
10763,38.00
10779,56.00
10790,84.00
10804,91.00
10817,90.00
10831,82.00
10845,77.00
10858,80.00
10873,74.00
10885,74.00
10899,69.00
10912,69.00
10926,73.00
10939,76.00
10953,81.00
10966,82.00
10981,76.00
10993,73.00
11007,76.00
11021,66.00
11034,69.00
11048,76.00
11061,72.00
11075,73.00
11089,70.00
11102,74.00
11115,75.00
11129,61.00
11142,65.00
11156,63.00
11169,108.00
11185,31.00
11198,19.00
11211,18.00
11225,20.00
11238,18.00
11252,24.00
11265,18.00
11280,16.00
11292,21.00
11306,28.0