=~=~=~=~=~=~=~=~=~=~=~= PuTTY log 2019.05.17 18:04:40 =~=~=~=~=~=~=~=~=~=~=~=
5B46,65.00
46,61.00
46,61.00
47,65.00
47,66.00
47,68.00
47,66.00
48,64.00
48,62.00
48,62.00
49,63.00
49,57.00
49,63.00
49,64.00
60,69.00
69,61.00
79,66.00
90,62.00
100,67.00
112,64.00
123,55.00
135,67.00
146,65.00
158,62.00
173,58.00
181,62.00
193,64.00
207,58.00
217,66.00
229,66.00
238,58.00
249,64.00
263,66.00
274,62.00
284,63.00
297,62.00
307,72.00
318,64.00
329,68.00
341,62.00
352,65.00
365,63.00
375,63.00
387,62.00
398,61.00
410,64.00
421,63.00
432,64.00
444,69.00
455,54.00
468,62.00
478,64.00
490,64.00
501,63.00
513,65.00
524,61.00
536,61.00
547,61.00
559,67.00
571,66.00
581,61.00
593,69.00
604,64.00
616,57.00
627,64.00
639,58.00
650,63.00
662,64.00
674,57.00
685,65.00
696,67.00
707,58.00
719,61.00
730,66.00
742,65.00
753,62.00
765,62.00
778,61.00
788,63.00
799,69.00
811,68.00
822,63.00
833,61.00
845,66.00
856,63.00
868,60.00
881,65.00
891,63.00
902,63.00
914,63.00
925,68.00
937,61.00
948,60.00
960,67.00
971,63.00
983,67.00
994,64.00
1005,60.00
1018,62.00
1030,63.00
1043,63.00
1055,56.00
1068,61.00
1081,61.00
1093,66.00
1105,56.00
1118,62.00
1130,73.00
1143,62.00
1155,64.00
1168,61.00
1181,62.00
1193,63.00
1205,62.00
1218,60.00
1230,61.00
1243,57.00
1255,62.00
1268,67.00
1281,61.00
1293,65.00
1305,63.00
1318,60.00
1330,63.00
1343,67.00
1355,60.00
1368,62.00
1380,65.00
1394,68.00
1405,57.00
1418,61.00
1430,73.00
1443,64.00
1455,61.00
1468,61.00
1480,63.00
1494,65.00
1505,65.00
1518,63.00
1530,66.00
1543,60.00
1555,61.00
1568,60.00
1580,62.00
1594,66.00
1605,68.00
1618,63.00
1630,62.00
1643,64.00
1655,67.00
1668,61.00
1680,62.00
1694,63.00
1705,61.00
1718,61.00
1730,62.00
1743,65.00
1755,64.00
1768,62.00
1780,63.00
1794,61.00
1805,63.00
1818,63.00
1830,61.00
1843,67.00
1855,64.00
1868,62.00
1880,58.00
1893,64.00
1906,60.00
1918,62.00
1930,61.00
1943,61.00
1955,61.00
1968,62.00
1980,58.00
1993,63.00
2006,65.00
2018,60.00
2030,56.00
2043,64.00
2055,64.00
2068,55.00
2080,62.00
2093,64.00
2106,66.00
2118,58.00
2130,62.00
2143,66.00
2155,63.00
2168,56.00
2180,63.00
2193,62.00
2206,73.00
2218,57.00
2230,62.00
2243,63.00
2255,54.00
2268,57.00
2280,62.00
2293,64.00
2305,65.00
2319,57.00
2330,63.00
2343,61.00
2355,68.00
2368,60.00
2380,62.00
2393,67.00
2405,62.00
2418,64.00
2430,64.00
2443,66.00
2455,65.00
2468,56.00
2480,64.00
2493,63.00
2505,67.00
2519,60.00
2530,62.00
2543,63.00
2555,65.00
2568,62.00
2580,63.00
2593,60.00
2605,69.00
2619,57.00
2630,64.00
2643,60.00
2655,70.00
2668,58.00
2680,64.00
2693,62.00
2705,65.00
2719,60.00
2730,64.00
2743,64.00
2755,70.00
2768,61.00
2780,63.00
2793,60.00
2805,64.00
2818,60.00
2832,63.00
2843,66.00
2855,70.00
2868,60.00
2880,64.00
2893,65.00
2905,62.00
2918,61.00
2931,64.00
2943,66.00
2955,63.00
2968,62.00
2980,64.00
2993,64.00
3005,63.00
3018,61.00
3031,64.00
3043,65.00
3055,68.00
3068,63.00
3080,64.00
3093,65.00
3105,57.00
3118,58.00
3131,61.00
3143,61.00
3155,66.00
3168,60.00
3180,68.00
3193,69.00
3205,70.00
3218,58.00
3231,61.00
3243,61.00
3255,70.00
3268,61.00
3280,62.00
3293,65.00
3305,70.00
3318,56.00
3331,62.00
3343,61.00
3355,65.00
3368,61.00
3380,63.00
3393,63.00
3405,66.00
3418,61.00
3430,62.00
3443,64.00
3455,70.00
3468,57.00
3480,62.00
3493,63.00
3505,68.00
3518,61.00
3530,62.00
3544,57.00
3555,62.00
3568,60.00
3580,61.00
3593,63.00
3605,69.00
3618,58.00
3630,63.00
3644,68.00
3655,67.00
3668,58.00
3680,63.00
3693,62.00
3705,65.00
3718,60.00
3730,63.00
3744,60.00
3755,68.00
3768,60.00
3780,61.00
3793,62.00
3805,61.00
3818,60.00
3830,62.00
3844,69.00
3855,62.00
3868,61.00
3880,62.00
3893,62.00
3905,62.00
3918,61.00
3930,66.00
3944,65.00
3957,66.00
3968,58.00
3980,64.00
3993,61.00
4005,62.00
4018,64.00
4030,61.00
4043,58.00
4055,66.00
4068,60.00
4080,62.00
4093,60.00
4105,62.00
4118,60.00
4130,61.00
4143,61.00
4156,63.00
4168,61.00
4180,62.00
4193,62.00
4205,66.00
4218,58.00
4230,63.00
4243,61.00
4256,63.00
4268,61.00
4280,61.00
4293,62.00
4305,64.00
4318,64.00
4330,66.00
4343,62.00
4356,64.00
4368,61.00
4380,57.00
4393,62.00
4405,62.00
4418,61.00
4430,60.00
4443,61.00
4456,62.00
4468,63.00
4480,61.00
4493,62.00
4505,60.00
4518,65.00
4530,57.00
4543,57.00
4555,62.00
4569,64.00
4580,62.00
4593,62.00
4605,65.00
4618,55.00
4630,61.00
4643,61.00
4655,65.00
4669,67.00
4680,68.00
4693,62.00
4705,64.00
4718,62.00
4730,60.00
4743,57.00
4755,60.00
4769,66.00
4780,62.00
4793,62.00
4805,62.00
4818,62.00
4830,60.00
4843,63.00
4855,61.00
4869,61.00
4880,57.00
4893,64.00
4905,65.00
4918,61.00
4930,69.00
4943,61.00
4955,58.00
4969,63.00
4980,61.00
4993,62.00
5005,65.00
5018,63.00
5030,57.00
5043,62.00
5055,62.00
5068,72.00
5081,61.00
5093,64.00
5105,64.00
5118,63.00
5130,60.00
5143,63.00
5155,62.00
5168,64.00
5181,58.00
5193,64.00
5205,66.00
5218,69.00
5230,57.00
5243,63.00
5255,60.00
5268,74.00
5281,58.00
5293,63.00
5305,63.00
5318,65.00
5330,57.00
5343,63.00
5355,62.00
5368,73.00
5381,58.00
5393,63.00
5405,62.00
5418,63.00
5430,58.00
5443,61.00
5455,65.00
5468,69.00
5481,68.00
5493,63.00
5505,62.00
5518,63.00
5530,58.00
5543,63.00
5555,63.00
5568,64.00
5580,56.00
5593,63.00
5605,62.00
5618,65.00
5630,56.00
5643,62.00
5655,57.00
5668,65.00
5680,58.00
5694,63.00
5705,65.00
5718,64.00
5730,58.00
5743,61.00
5755,64.00
5768,64.00
5780,58.00
5794,64.00
5805,61.00
5818,64.00
5830,60.00
5843,58.00
5855,61.00
5868,67.00
5880,60.00
5894,55.00
5905,60.00
5918,64.00
5930,60.00
5943,60.00
5955,58.00
5968,68.00
5980,60.00
5995,63.00
6005,63.00
6018,64.00
6030,60.00
6043,61.00
6055,64.00
6068,62.00
6080,57.00
6093,61.00
6105,57.00
6118,64.00
6130,57.00
6143,62.00
6155,66.00
6168,65.00
6180,60.00
6193,61.00
6206,62.00
6218,63.00
6230,58.00
6243,62.00
6255,58.00
6268,63.00
6280,57.00
6293,62.00
6306,62.00
6318,63.00
6330,56.00
6343,62.00
6355,63.00
6368,62.00
6380,60.00
6393,62.00
6406,57.00
6418,63.00
6430,58.00
6443,63.00
6455,61.00
6468,63.00
6480,67.00
6493,63.00
6506,64.00
6518,65.00
6530,68.00
6543,66.00
6555,63.00
6568,63.00
6580,60.00
6593,62.00
6605,64.00
6618,62.00
6630,60.00
6643,61.00
6655,56.00
6668,62.00
6680,61.00
6693,61.00
6705,62.00
6718,63.00
6730,61.00
6743,63.00
6755,62.00
6768,65.00
6780,62.00
6793,63.00
6805,64.00
6818,63.00
6830,60.00
6843,61.00
6855,64.00
6868,58.00
6880,61.00
6893,61.00
6905,63.00
6918,67.00
6930,61.00
6943,61.00
6955,65.00
6968,64.00
6980,61.00
6993,61.00
7005,61.00
7018,62.00
7030,60.00
7043,58.00
7055,64.00
7068,68.00
7080,60.00
7093,61.00
7105,58.00
7118,58.00
7130,57.00
7143,60.00
7155,65.00
7168,64.00
7180,69.00
7193,60.00
7205,58.00
7218,64.00
7230,65.00
7243,61.00
7255,57.00
7268,64.00
7280,65.00
7293,60.00
7305,67.00
7318,67.00
7331,63.00
7343,60.00
7355,63.00
7368,66.00
7380,63.00
7393,60.00
7405,67.00
7418,60.00
7431,62.00
7443,60.00
7455,64.00
7468,61.00
7480,61.00
7493,62.00
7505,57.00
7518,62.00
7531,64.00
7543,60.00
7555,66.00
7568,61.00
7580,72.00
7593,58.00
7605,64.00
7618,67.00
7630,66.00
7643,60.00
7655,60.00
7668,62.00
7680,65.00
7693,64.00
7705,63.00
7718,54.00
7730,63.00
7743,58.00
7755,68.00
7768,62.00
7780,65.00
7793,57.00
7805,63.00
7818,61.00
7830,62.00
7844,57.00
7855,70.00
7868,62.00
7880,62.00
7893,57.00
7905,62.00
7918,61.00
7930,64.00
7944,55.00
7955,61.00
7968,61.00
7980,65.00
7993,56.00
8005,61.00
8018,61.00
8030,63.00
8044,64.00
8055,60.00
8068,62.00
8080,63.00
8093,62.00
8105,58.00
8118,62.00
8130,64.00
8144,56.00
8155,64.00
8168,61.00
8180,64.00
8193,61.00
8205,58.00
8218,62.00
8230,70.00
8243,60.00
8255,60.00
8268,62.00
8280,65.00
8293,58.00
8305,58.00
8318,61.00
8330,64.00
8343,60.00
8356,58.00
8368,61.00
8380,66.00
8393,62.00
8405,64.00
8418,61.00
8430,61.00
8443,57.00
8456,60.00
8468,62.00
8480,62.00
8493,60.00
8505,67.00
8518,61.00
8530,62.00
8543,60.00
8556,65.00
8568,64.00
8580,64.00
8593,58.00
8605,67.00
8618,61.00
8630,63.00
8643,61.00
8656,68.00
8668,61.00
8680,64.00
8693,62.00
8705,56.00
8718,65.00
8730,63.00
8743,61.00
8755,61.00
8768,63.00
8780,63.00
8793,60.00
8805,65.00
8818,61.00
8830,64.00
8843,63.00
8855,62.00
8869,55.00
8880,64.00
8893,64.00
8905,61.00
8918,58.00
8930,63.00
8943,61.00
8955,61.00
8970,65.00
8980,63.00
8993,63.00
9005,64.00
9018,60.00
9030,63.00
9043,61.00
9055,58.00
9069,62.00
9080,62.00
9093,61.00
9105,58.00
9118,61.00
9130,63.00
9143,61.00
9155,62.00
9168,64.00
9180,63.00
9193,65.00
9205,64.00
9218,63.00
9230,67.00
9243,61.00
9255,66.00
9268,60.00
9280,64.00
9293,57.00
9305,61.00
9318,61.00
9330,63.00
9343,61.00
9355,58.00
9368,62.00
9381,62.00
9393,61.00
9405,55.00
9418,61.00
9430,63.00
9443,61.00
9455,56.00
9468,61.00
9481,66.00
9493,63.00
9505,57.00
9518,61.00
9530,64.00
9543,61.00
9555,62.00
9568,61.00
9581,62.00
9593,60.00
9605,61.00
9618,61.00
9630,60.00
9643,61.00
9655,63.00
9668,61.00
9681,66.00
9693,60.00
9705,57.00
9718,60.00
9730,61.00
9743,58.00
9755,60.00
9768,61.00
9781,64.00
9793,62.00
9805,63.00
9818,61.00
9830,64.00
9843,61.00
9855,60.00
9868,57.00
9880,66.00
9893,62.00
9905,57.00
9918,58.00
9930,63.00
9943,65.00
9955,61.00
9968,64.00
9980,65.00
9993,64.00
10005,57.00
10019,65.00
10032,56.00
10046,61.00
10059,67.00
10073,60.00
10086,62.00
10100,63.00
10113,60.00
10127,62.00
10140,62.00
10154,61.00
10168,67.00
10181,67.00
10196,63.00
10209,62.00
10222,54.00
10235,63.00
10249,61.00
10262,64.00
10276,64.00
10289,61.00
10304,58.00
10316,62.00
10330,60.00
10344,66.00
10357,60.00
10371,60.00
10384,62.00
10399,63.00
10411,60.00
10425,64.00
10438,57.00
10452,61.00
10465,61.00
10479,57.00
10492,63.00
10507,58.00
10520,61.00
10533,64.00
10547,62.00
10560,66.00
10574,60.00
10587,60.00
10602,61.00
10614,61.00
10628,60.00
10641,67.00
10655,57.00
10669,63.00
10682,57.00
10696,65.00
10710,64.00
10723,60.00
10736,60.00
10750,58.00
10764,61.00
10777,61.00
10790,72.00
10805,55.00
10817,66.00
10831,62.00
10845,62.00
10858,64.00
10872,58.00
10885,61.00
10899,60.00
10914,65.00
10926,68.00
10939,58.00
10953,65.00
10966,63.00
10980,64.00
10994,66.00
11007,61.00
11022,55.00
11034,60.00
11048,63.00
11061,65.00
11075,64.00
11088,53.00
11102,60.00
11116,61.00
11129,62.00
11143,67.00
11156,66.00
11170,67.00
11183,58.00
11197,61.00
11210,62.00
11225,62.00
11237,60.00
11251,61.00
11265,61.00
11278,64.00
11291,63.00
11305,57.00
11320,64.00
11332,61.00
11346,61.00
11359,64.00
11373,60.00
11386,57.00
11400,58.00
11413,58.00
11428,60.00
11440,64.00
11454,58.00
11467,56.00
11481,62.00
11495,63.00
11508,66.00
11523,60.00
11535,67.00
11549,63.00
11562,58.00
11576,62.00
11589,58.00
11603,60.00
11616,64.00
11631,63.00
11644,69.00
11657,64.00
11671,60.00
11684,65.00
11698,61.00
11711,60.00
11725,63.00
11738,58.00
11752,57.00
11765,63.00
11779,61.00
11792,60.00
11806,58.00
11820,58.00
11834,58.00
11847,61.00
11860,57.00
11874,63.00
11887,60.00
11901,63.00
11914,62.00
11928,65.00
11942,56.00
11955,60.00
11968,57.00
11982,60.00
11996,61.00
12009,63.00
12023,65.00
12037,60.00
12050,62.00
12063,62.00
12077,66.00
12090,64.00
12104,61.00
12118,57.00
12131,68.00
12145,58.00
12158,61.00
12172,64.00
12185,58.00
12199,64.00
12212,54.00
12226,64.00
12240,64.00
12253,56.00
12266,65.00
12280,65.00
12293,65.00
12307,64.00
12321,61.00
12334,58.00
12349,61.00
12361,60.00
12375,64.00
12388,55.00
12402,67.00
12415,61.00
12429,65.00
12443,62.00
12456,65.00
12470,58.00
12483,57.00
12497,65.00
12510,61.00
12524,63.00
12537,62.00
12552,60.00
12564,62.00
12578,63.00
12591,65.00
12605,66.00
12618,60.00
12632,66.00
12646,62.00
12659,64.00
12673,65.00
12686,63.00
12700,61.00
12713,66.00
12727,63.00
12740,65.00
12755,65.00
12767,58.00
12781,64.00
12794,65.00
12808,63.00
12822,69.00
12835,58.00
12849,62.00
12863,63.00
12876,62.00
12889,72.00
12903,62.00
12916,63.00
12930,63.00
12944,58.00
12958,58.00
12971,62.00
12984,65.00
12998,57.00
13011,64.00
13025,63.00
13038,62.00
13052,62.00
13066,58.00
13079,64.00
13092,62.00
13106,64.00
13119,66.00
13133,55.00
13147,63.00
13161,65.00
13174,64.00
13187,65.00
13201,65.00
13214,64.00
13228,63.00
13241,66.00
13255,60.00
13269,61.00
13282,61.00
13296,62.00
13309,66.00
13323,66.00
13336,64.00
13350,63.00
13363,62.00
13377,66.00
13390,65.00
13404,67.00
13417,61.00
13431,62.00
13445,64.00
13458,62.00
13473,64.00
13485,62.00
13499,63.00
13512,63.00
13526,64.00
13539,64.00
13553,61.00
13566,58.00
13580,62.00
13593,62.00
13607,62.00
13621,63.00
13634,60.00
13648,60.00
13661,68.00
13676,62.00
13688,70.00
13702,60.00
13715,62.00
13729,63.00
13742,61.00
13756,62.00
13769,65.00
13784,58.00
13797,62.00
13810,62.00
13824,63.00
13837,68.00
13851,61.00
13864,61.00
13879,61.00
13891,60.00
13905,66.00
13918,61.00
13932,60.00
13946,62.00
13959,61.00
13973,70.00
13989,66.00
14000,64.00
14013,61.00
14027,67.00
14040,62.00
14054,67.00
14067,61.00
14082,57.00
14094,65.00
14108,61.00
14122,63.00
14135,62.00
14149,65.00
14162,60.00
14176,61.00
14190,61.00
14203,63.00
14216,60.00
14230,62.00
14244,61.00
14257,62.00
14271,60.00
14284,60.00
14298,66.00
14311,67.00
14325,64.00
14338,68.00
14352,66.00
14365,58.00
14379,66.00
14393,57.00
14406,62.00
14419,64.00
14433,60.00
14447,64.00
14460,63.00
14474,60.00
14487,61.00
14502,63.00
14514,58.00
14528,61.00
14541,61.00
14555,62.00
14568,60.00
14582,60.00
14596,58.00
14609,68.00
14623,64.00
14636,61.00
14650,61.00
14663,63.00
14677,64.00
14690,62.00
14705,63.00
14717,62.00
14731,60.00
14745,64.00
14758,62.00
14771,63.00
14785,65.00
14799,61.00
14812,60.00
14826,63.00
14839,60.00
14853,63.00
14866,62.00
14880,60.00
14893,63.00
14909,61.00
14921,63.00
14934,63.00
14948,64.00
14961,66.00
14975,58.00
14988,63.00
15002,64.00
15016,62.00
15029,61.00
15042,56.00
15056,65.00
15069,65.00
15083,58.00
15096,57.00
15111,60.00
15124,66.00
15137,64.00
15151,63.00
15164,68.00
15178,60.00
15192,56.00
15205,64.00
15219,63.00
15232,61.00
15246,61.00
15259,69.00
15273,66.00
15286,61.00
15300,60.00
15314,58.00
15327,67.00
15340,62.00
15354,64.00
15367,64.00
15381,61.00
15394,63.00
15408,64.00
15423,61.00
15435,66.00
15449,61.00
15462,57.00
15476,66.00
15489,64.00
15503,65.00
15517,65.00
15530,56.00
15544,60.00
15557,63.00
15570,65.00
15584,69.00
15598,61.00
15611,58.00
15626,65.00
15638,61.00
15652,68.00
15665,62.00
15679,60.00
15692,62.00
15706,63.00
15721,63.00
15733,64.00
15747,58.00
15760,62.00
15774,61.00
15787,70.00
15801,63.00
15814,60.00
15829,63.00
15841,65.00
15855,63.00
15868,60.00
15882,67.00
15896,58.00
15909,61.00
15922,67.00
15936,64.00
15950,62.00
15963,61.00
15977,61.00
15990,61.00
16004,60.00
16017,63.00
16033,62.00
16045,62.00
16058,61.00
16071,64.00
16085,63.00
16099,66.00
16112,66.00
16126,62.00
16140,63.00
16153,62.00
16166,62.00
16180,58.00
16194,60.00
16207,62.00
16220,66.00
16235,63.00
16248,61.00
16261,65.00
16275,63.00
16288,61.00
16302,64.00
16315,66.00
16329,58.00
16343,60.00
16356,61.00
16369,63.00
16383,66.00
16396,62.00
16410,61.00
16424,63.00
16438,55.00
16451,62.00
16464,61.00
16478,62.00
16491,62.00
16505,60.00
16518,65.00
16532,66.00
16547,62.00
16559,62.00
16572,60.00
16586,63.00
16600,67.00
16613,62.00
16627,61.00
16640,63.00
16654,61.00
16667,63.00
16681,68.00
16694,64.00
16708,63.00
16721,62.00
16735,80.00
16750,62.00
16762,61.00
16776,61.00
16789,64.00
16803,62.00
16816,68.00
16830,60.00
16843,61.00
16858,63.00
16870,62.00
16884,62.00
16897,66.00
16911,58.00
16925,62.00
16938,62.00
16953,63.00
16965,66.00
16979,64.00
16992,60.00
17006,67.00
17019,61.00
17033,66.00
17047,63.00
17062,57.00
17074,63.00
17087,65.00
17101,68.00
17114,64.00
17128,57.00
17141,62.00
17157,64.00
17168,63.00
17182,69.00
17195,63.00
17209,60.00
17222,63.00
17236,62.00
17250,64.00
17264,64.00
17277,61.00
17290,66.00
17304,60.00
17318,63.00
17331,64.00
17344,65.00
17359,62.00
17371,58.00
17385,64.00
17398,68.00
17412,60.00
17426,58.00
17439,69.00
17453,62.00
17467,66.00
17480,70.00
17493,61.00
17507,73.00
17520,63.00
17534,66.00
17548,65.00
17561,65.00
17575,62.00
17588,65.00
17602,64.00
17615,64.00
17629,66.00
17642,60.00
17656,61.00
17670,63.00
17683,67.00
17696,70.00
17710,62.00
17723,63.00
17737,72.00
17751,66.00
17764,66.00
17779,62.00
17791,63.00
17805,65.00
17818,62.00
17832,69.00
17846,66.00
17859,61.00
17873,62.00
17886,62.00
17899,69.00
17913,67.00
17927,62.00
17940,65.00
17954,66.00
17967,64.00
17983,65.00
17994,64.00
18008,61.00
18021,66.00
18035,76.00
18049,74.00
18062,67.00
18077,57.00
18089,64.00
18103,68.00
18116,66.00
18130,65.00
18143,62.00
18157,63.00
18170,69.00
18185,64.00
18197,67.00
18211,66.00
18224,62.00
18238,63.00
18252,56.00
18265,68.00
18279,72.00
18292,64.00
18306,61.00
18319,64.00
18333,63.00
18346,77.00
18360,66.00
18373,67.00
18388,65.00
18401,63.00
18414,69.00
18428,65.00
18441,62.00
18455,65.00
18468,63.00
18482,64.00
18495,66.00
18509,63.00
18522,67.00
18536,64.00
18550,63.00
18563,67.00
18577,67.00
18591,62.00
18604,66.00
18617,65.00
18631,67.00
18644,67.00
18658,63.00
18671,70.00
18685,64.00
18699,62.00
18712,67.00
18725,62.00
18739,66.00
18753,66.00
18766,61.00
18780,68.00
18794,69.00
18807,67.00
18820,64.00
18834,77.00
18847,69.00
18861,66.00
18874,61.00
18888,66.00
18902,65.00
18915,67.00
18929,66.00
18942,64.00
18956,60.00
18969,61.00
18983,67.00
18999,63.00
19011,69.00
19024,61.00
19037,65.00
19051,65.00
19064,69.00
19078,65.00
19091,65.00
19106,62.00
19118,65.00
19132,73.00
19145,67.00
19159,66.00
19173,61.00
19186,65.00
19199,67.00
19213,65.00
19227,69.00
19240,63.00
19254,66.00
19267,63.00
19281,64.00
19294,67.00
19309,65.00
19321,65.00
19335,67.00
19349,66.00
19362,69.00
19375,62.00
19389,66.00
19403,64.00
19417,58.00
19430,68.00
19443,69.00
19457,62.00
19470,62.00
19484,64.00
19497,65.00
19512,69.00
19524,62.00
19538,61.00
19552,63.00
19565,66.00
19579,67.00
19592,64.00
19606,62.00
19620,63.00
19633,61.00
19646,69.00
19660,66.00
19673,64.00
19687,64.00
19700,64.00
19715,63.00
19728,68.00
19741,65.00
19755,68.00
19768,65.00
19782,66.00
19795,66.00
19809,65.00
19823,62.00
19836,65.00
19850,64.00
19863,65.00
19876,68.00
19890,65.00
19904,64.00
19917,65.00
19931,66.00
19944,68.00
19958,64.00
19971,56.00
19985,65.00
19998,64.00
20012,65.00
20027,69.00
20039,68.00
20053,70.00
20066,68.00
20080,66.00
20093,67.00
20107,64.00
20120,63.00
20135,64.00
20147,67.00
20161,63.00
20174,66.00
20188,68.00
20201,67.00
20215,63.00
20230,64.00
20242,69.00
20256,63.00
20269,66.00
20283,69.00
20296,66.00
20310,75.00
20323,69.00
20338,64.00
20351,67.00
20364,62.00
20378,68.00
20391,68.00
20405,66.00
20418,66.00
20433,73.00
20445,67.00
20459,75.00
20472,61.00
20486,68.00
20500,73.00
20513,67.00
20527,69.00
20541,70.00
20554,63.00
20567,69.00
20581,70.00
20594,65.00
20608,69.00
20621,68.00
20636,65.00
20648,64.00
20662,68.00
20675,79.00
20689,70.00
20702,65.00
20716,77.00
20730,67.00
20745,66.00
20757,67.00
20770,68.00
20784,63.00
20797,65.00
20811,70.00
20824,76.00
20838,62.00
20852,67.00
20865,67.00
20879,69.00
20892,70.00
20906,64.00
20919,67.00
20933,66.00
20948,72.00
20960,69.00
20973,66.00
20987,66.00
21000,70.00
21014,75.00
21028,65.00
21041,73.00
21057,64.00
21068,69.00
21082,67.00
21095,69.00
21109,69.00
21122,66.00
21136,69.00
21151,70.00
21163,66.00
21176,68.00
21190,74.00
21204,63.00
21217,56.00
21231,65.00
21244,67.00
21259,69.00
21271,68.00
21285,65.00
21298,66.00
21312,72.00
21325,70.00
21339,64.00
21353,64.00
21366,64.00
21380,63.00
21393,73.00
21407,69.00
21420,65.00
21434,70.00
21447,70.00
21462,67.00
21474,66.00
21488,65.00
21501,66.00
21515,65.00
21529,65.00
21542,68.00
21556,74.00
21569,65.00
21583,66.00
21596,65.00
21610,66.00
21623,67.00
21637,69.00
21650,66.00
21665,67.00
21677,68.00
21691,72.00
21705,67.00
21718,63.00
21732,68.00
21745,65.00
21759,77.00
21772,76.00
21786,64.00
21799,70.00
21813,66.00
21827,65.00
21840,68.00
21854,64.00
21868,64.00
21881,67.00
21894,69.00
21908,66.00
21921,72.00
21935,68.00
21948,72.00
21962,65.00
21976,66.00
21989,70.00
22002,63.00
22016,68.00
22030,67.00
22043,67.00
22057,67.00
22071,70.00
22084,62.00
22097,66.00
22111,63.00
22124,67.00
22138,67.00
22152,64.00
22165,67.00
22179,65.00
22192,69.00
22206,69.00
22219,62.00
22233,64.00
22246,66.00
22260,65.00
22274,70.00
22287,62.00
22300,62.00
22314,63.00
22328,67.00
22341,68.00
22354,68.00
22368,64.00
22382,65.00
22395,64.00
22409,65.00
22422,68.00
22436,65.00
22449,67.00
22463,69.00
22477,63.00
22490,65.00
22504,65.00
22517,61.00
22531,63.00
22544,62.00
22558,67.00
22571,65.00
22586,63.00
22598,65.00
22612,66.00
22625,66.00
22639,65.00
22653,64.00
22666,68.00
22679,66.00
22694,64.00
22707,68.00
22720,68.00
22734,62.00
22747,68.00
22761,68.00
22774,67.00
22789,66.00
22801,64.00
22815,65.00
22829,65.00
22842,66.00
22856,66.00
22869,64.00
22883,66.00
22897,68.00
22910,62.00
22923,66.00
22937,68.00
22950,63.00
22964,63.00
22977,63.00
22992,65.00
23004,66.00
23018,64.00
23032,61.00
23045,64.00
23059,63.00
23072,68.00
23086,63.00
23100,60.00
23113,66.00
23126,63.00
23140,66.00
23154,70.00
23167,65.00
23180,65.00
23194,64.00
23208,66.00
23221,72.00
23235,63.00
23248,65.00
23262,64.00
23275,65.00
23289,66.00
23303,69.00
23316,63.00
23329,66.00
23343,64.00
23357,64.00
23370,67.00
23384,61.00
23397,61.00
23411,65.00
23424,63.00
23438,70.00
23451,64.00
23465,58.00
23479,64.00
23492,69.00
23506,72.00
23519,62.00
23533,63.00
23546,73.00
23560,64.00
23574,63.00
23587,63.00
23601,62.00
23615,62.00
23628,65.00
23641,61.00
23654,69.00
23668,64.00
23682,60.00
23695,64.00
23709,58.00
23722,64.00
23736,68.00
23749,62.00
23763,62.00
23776,66.00
23790,64.00
23803,65.00
23818,57.00
23830,67.00
23844,62.00
23858,62.00
23871,69.00
23885,69.00
23898,62.00
23914,57.00
23927,65.00
23939,62.00
23952,64.00
23966,62.00
23979,61.00
23993,65.00
24007,63.00
24022,62.00
24034,58.00
24048,57.00
24061,65.00
24074,65.00
24088,76.00
24101,66.00
24115,64.00
24130,61.00
24142,62.00
24155,67.00
24169,65.00
24183,60.00
24196,58.00
24210,65.00
24224,63.00
24237,63.00
24250,64.00
24264,60.00
24277,66.00
24291,61.00
24305,62.00
24318,66.00
24332,63.00
24345,65.00
24359,69.00
24372,60.00
24386,62.00
24399,63.00
24413,62.00
24427,67.00
24440,63.00
24453,64.00
24467,67.00
24480,62.00
24494,63.00
24508,63.00
24521,62.00
24536,64.00
24548,61.00
24562,65.00
24575,64.00
24589,63.00
24602,66.00
24616,62.00
24630,64.00
24643,68.00
24656,63.00
24670,64.00
24684,68.00
24697,62.00
24711,65.00
24724,55.00
24739,67.00
24751,68.00
24765,66.00
24778,61.00
24792,64.00
24805,63.00
24819,70.00
24833,64.00
24846,61.00
24860,63.00
24873,62.00
24887,66.00
24900,64.00
24914,62.00
24927,65.00
24943,64.00
24954,70.00
24968,66.00
24981,65.00
24995,63.00
25009,65.00
25022,61.00
25036,68.00
25050,64.00
25063,61.00
25076,64.00
25090,62.00
25104,63.00
25117,65.00
25130,62.00
25145,60.00
25158,64.00
25171,58.00
25185,64.00
25198,66.00
25212,58.00
25225,62.00
25239,64.00
25253,62.00
25266,63.00
25279,72.00
25293,62.00
25306,62.00
25320,65.00
25334,64.00
25349,63.00
25361,64.00
25374,65.00
25388,57.00
25401,65.00
25415,70.00
25429,60.00
25442,61.00
25456,64.00
25469,64.00
25482,60.00
25496,61.00
25510,62.00
25523,62.00
25537,63.00
25551,65.00
25564,62.00
25577,57.00
25591,62.00
25604,68.00
25618,64.00
25631,68.00
25645,57.00
25661,56.00
25672,62.00
25686,63.00
25699,62.00
25713,62.00
25726,55.00
25740,64.00
25753,62.00
25768,67.00
25780,69.00
25794,56.00
25807,60.00
25821,63.00
25835,63.00
25848,64.00
25863,60.00
25875,61.00
25889,62.00
25902,62.00
25916,72.00
25930,64.00
25943,56.00
25956,62.00
25971,64.00
25984,76.00
25997,82.00
26011,80.00
26024,81.00
26038,88.00
26052,100.00
26068,116.00
26080,97.00
26094,74.00
26107,93.00
26121,78.00
26135,67.00
26148,60.00
26162,44.00
26175,44.00
26189,62.00
26202,54.00
26216,49.00
26230,28.00
26243,25.00
26256,26.00
26271,21.00
26284,34.00
26297,27.00
26311,16.00
26324,18.00
26338,18.00
26351,22.00
26365,25.00
26381,21.00
26392,12.00
26405,24.00
26419,19.00
26432,25.00
26446,19.00
26460,14.00
26474,18.00
26487,21.00
26500,26.00
26514,22.00
26527,21.00
26541,21.00
26555,22.00
26568,22.00
26582,28.00
26595,20.00
26608,13.00
26622,24.00
26636,21.00
26649,31.00
26663,21.00
26676,17.00
26691,16.00
26703,26.00
26717,21.00
26730,28.00
26744,20.00
26757,16.00
26771,21.00
26786,20.00
26798,36.00
26812,22.00
26825,13.00
26839,20.00
26852,21.00
26866,36.00
26879,26.00
26893,19.00
26906,18.00
26920,21.00
26933,20.00
26947,25.00
26961,22.00
26974,16.00
26990,19.00
27001,22.00
27015,31.00
27029,20.00
27042,20.00
27055,25.00
27069,21.00
27082,22.00
27097,27.00
27110,19.00
27123,19.00
27137,26.00
27151,21.00
27164,37.00
27177,21.00
27192,16.00
27204,24.00
27218,26.00
27231,32.00
27245,29.00
27258,18.00
27272,21.00
27286,24.00
27300,20.00
27313,28.00
27326,20.00
27340,13.00
27353,24.00
27367,21.00
27380,30.00
27395,26.00
27407,17.00
27421,25.00
27434,21.00
27448,26.00
27462,25.00
27475,20.00
27489,17.00
27503,22.00
27516,25.00
27529,29.00
27543,20.00
27556,14.00
27570,25.00
27583,21.00
27597,31.00
27611,19.00
27624,17.00
27638,24.00
27651,19.00
27665,25.00
27678,27.00
27692,26.00
27708,22.00
27719,26.00
27732,22.00
27746,29.00
27759,19.00
27773,17.00
27787,24.00
27800,24.00
27814,29.00
27827,25.00
27841,19.00
27854,26.00
27868,26.00
27882,21.00
27895,25.00
27910,18.00
27922,10.00
27936,29.00
27949,18.00
27963,28.00
27976,18.00
27990,15.00
28003,20.00
28018,20.00
28030,22.00
28044,26.00
28057,22.00
28071,19.00
28084,25.00
28098,25.00
28112,31.00
28125,21.00
28139,18.00
28152,24.00
28166,20.00
28179,39.00
28193,28.00
28206,18.00
28221,16.00
28233,28.00
28247,26.00
28260,27.00
28274,25.00
28288,14.00
28301,27.00
28316,20.00
28328,30.00
28342,22.00
28355,20.00
28369,21.00
28382,24.00
28396,30.00
28409,31.00
28424,26.00
28437,17.00
28450,31.00
28464,25.00
28477,33.00
28491,20.00
28504,16.00
28518,29.00
28531,27.00
28545,34.00
28558,21.00
28572,17.00
28585,26.00
28599,25.00
28613,28.00
28627,28.00
28640,26.00
28653,14.00
28667,31.00
28680,25.00
28694,33.00
28707,24.00
28721,20.00
28735,21.00
28748,27.00
28762,36.00
28775,36.00
28789,21.00
28802,20.00
28816,21.00
28830,21.00
28843,31.00
28856,19.00
28870,14.00
28883,25.00
28897,22.00
28910,30.00
28924,24.00
28941,21.00
28951,21.00
28965,22.00
28978,29.00
28992,33.00
29005,17.00
29019,16.00
29034,24.00
29046,21.00
29059,30.00
29073,20.00
29087,16.00
29100,22.00
29114,24.00
29127,33.00
29142,27.00
29154,18.00
29168,20.00
29181,21.00
29195,27.00
29208,27.00
29222,17.00
29235,12.00
29250,27.00
29263,21.00
29276,25.00
29290,21.00
29303,17.00
29317,26.00
29330,20.00
29345,21.00
29357,25.00
29371,18.00
29384,15.00
29398,22.00
29411,18.00
29425,25.00
29439,20.00
29452,14.00
29466,24.00
29479,18.00
29493,29.00
29507,25.00
29520,16.00
29533,22.00
29548,24.00
29560,20.00
29574,25.00
29588,19.00
29601,16.00
29615,22.00
29628,21.00
29642,26.00
29658,30.00
29669,14.00
29682,20.00
29696,20.00
29709,32.00
29723,27.00
29736,18.00
29752,12.00
29764,18.00
29777,27.00
29791,25.00
29804,19.00
29818,12.00
29831,22.00
29845,18.00
29859,20.00
29872,25.00
29885,22.00
29899,22.00
29913,20.00
29926,24.00
29940,22.00
29954,19.00
29967,13.00
29980,22.00
29994,20.00
30007,31.00
30021,19.00
30034,19.00
30048,24.00
30064,24.00
30075,24.00
30089,29.00
30102,16.00
30116,19.00
30129,24.00
30143,24.00
30156,29.00
30171,18.00
30183,14.00
30197,21.00
30210,18.00
30224,28.00
30238,16.00
30251,17.00
30267,16.00
30279,20.00
30292,22.00
30305,25.00
30319,17.00
30332,16.00
30346,25.00
30359,21.00
30374,32.00
30386,20.00
30400,16.00
30414,22.00
30427,24.00
30441,32.00
30454,30.00
30469,24.00
30481,24.00
30495,27.00
30508,26.00
30522,27.00
30535,26.00
30549,13.00
30562,26.00
30577,18.00
30590,28.00
30603,20.00
30617,17.00
30631,20.00
30644,20.00
30657,25.00
30672,29.00
30684,17.00
30698,16.00
30711,24.00
30725,22.00
30739,25.00
30752,19.00
30766,19.00
30782,14.00
30793,19.00
30806,30.00
30820,28.00
30833,19.00
30847,20.00
30860,19.00
30874,25.00
30887,30.00
30901,19.00
30915,14.00
30928,28.00
30942,26.00
30956,39.00
30969,26.00
30983,34.00
30996,39.00
31009,50.00
31023,67.00
31036,76.00
31050,67.00
31064,76.00
31077,73.00
31092,60.00
31104,64.00
31118,60.00
31131,52.00
31145,57.00
31158,55.00
31172,66.00
31186,56.00
31199,48.00
31212,56.00
31226,56.00
31240,55.00
31253,56.00
31267,53.00
31280,48.00
31296,52.00
31307,53.00
31321,56.00
31334,60.00
31348,49.00
31361,51.00
31375,51.00
31390,52.00
31402,56.00
31416,48.00
31429,46.00
31443,49.00
31456,50.00
31470,58.00
31483,51.00
31499,46.00
31510,53.00
31524,48.00
31537,52.00
31551,56.00
31565,48.00
31578,50.00
31593,53.00
31605,45.00
31619,53.00
31632,45.00
31646,43.00
31659,46.00
31673,48.00
31686,48.00
31701,55.00
31714,46.00
31727,50.00
31741,49.00
31755,45.00
31768,51.00
31781,46.00
31795,46.00
31808,51.00
31822,45.00
31835,48.00
31849,51.00
31862,43.00
31876,50.00
31890,51.00
31904,42.00
31917,51.00
31930,42.00
31944,45.00
31957,48.00
31971,48.00
31984,49.00
31998,45.00
32012,44.00
32025,51.00
32039,42.00
32052,46.00
32066,48.00
32079,41.00
32093,46.00
32109,44.00
32120,48.00
32133,51.00
32147,46.00
32160,41.00
32174,51.00
32187,51.00
32201,48.00
32216,46.00
32228,44.00
32242,45.00
32255,43.00
32269,46.00
32282,51.00
32296,41.00
32310,43.00
32323,42.00
32336,48.00
32350,45.00
32364,43.00
32377,44.00
32391,50.00
32404,44.00
32420,43.00
32431,41.00
32445,39.00
32458,43.00
32472,43.00
32485,48.00
32499,51.00
32512,42.00
32526,45.00
32539,44.00
32553,45.00
32567,49.00
32581,43.00
32594,41.00
32607,45.00
32622,48.00
32634,45.00
32648,48.00
32661,39.00
32675,38.00
32689,40.00
32702,44.00
32716,46.00
32730,42.00
32743,45.00
32756,45.00
32770,43.00
32783,49.00
32797,48.00
32810,38.00
32825,41.00
32837,39.00
32851,45.00
32864,43.00
32878,45.00
32892,41.00
32905,45.00
32919,42.00
32933,48.00
32946,43.00
32959,39.00
32973,45.00
32986,43.00
33000,40.00
33014,44.00
33029,42.00
33041,46.00
33054,43.00
33068,43.00
33081,38.00
33095,41.00
33108,41.00
33122,41.00
33136,42.00
33149,41.00
33162,44.00
33176,39.00
33190,40.00
33203,41.00
33217,44.00
33231,51.00
33244,41.00
33257,56.00
33271,43.00
33284,56.00
33298,53.00
33311,41.00
33325,26.00
33339,30.00
33352,25.00
33366,38.00
33379,26.00
33393,22.00
33406,33.00
33420,32.00
33433,34.00
33447,29.00
33460,22.00
33474,17.00
33487,33.00
33501,24.00
33514,28.00
33528,20.00
33542,15.00
33555,25.00
33569,24.00
33582,37.00
33596,32.00
33609,21.00
33623,30.00
33636,26.00
33651,26.00
33663,30.00
33677,24.00
33691,18.00
33704,31.00
33718,30.00
33731,32.00
33746,27.00
33758,19.00
33772,33.00
33785,30.00
33799,28.00
33812,30.00
33826,25.00
33839,22.00
33854,33.00
33867,25.00
33880,29.00
33894,25.00
33907,18.00
33921,27.00
33934,26.00
33948,31.00
33961,31.00
33975,21.00
33988,22.00
34002,26.00
34016,26.00
34029,31.00
34043,27.00
34059,19.00
34070,29.00
34083,25.00
34097,40.00
34110,25.00
34124,19.00
34137,26.00
34152,30.00
34164,30.00
34178,27.00
34192,24.00
34205,14.00
34219,26.00
34232,28.00
34246,30.00
34260,21.00
34273,15.00
34286,24.00
34300,24.00
34314,36.00
34327,29.00
34340,18.00
34354,26.00
34368,24.00
34381,28.00
34395,30.00
34408,20.00
34422,16.00
34435,29.00
34449,29.00
34463,38.00
34476,22.00
34489,17.00
34503,24.00
34517,25.00
34530,28.00
34544,29.00
34557,21.00
34572,16.00
34584,31.00
34598,24.00
34611,32.00
34625,21.00
34638,22.00
34652,26.00
34666,27.00
34679,34.00
34693,30.00
34706,22.00
34720,22.00
34733,25.00
34747,27.00
34760,32.00
34775,24.00
34787,15.00
34801,27.00
34814,24.00
34828,41.00
34842,22.00
34855,17.00
34869,19.00
34882,24.00
34896,26.00
34909,26.00
34923,20.00
34936,16.00
34950,29.00
34963,32.00
34978,32.00
34990,22.00
35004,13.00
35018,31.00
35031,22.00
35045,28.00
35058,30.00
35072,19.00
35085,22.00
35099,24.00
35112,25.00
35126,31.00
35139,27.00
35153,15.00
35167,27.00
35181,25.00
35194,34.00
35207,28.00
35221,17.00
35234,28.00
35248,24.00
35261,31.00
35275,30.00
35289,19.00
35302,16.00
35315,29.00
35329,25.00
35343,29.00
35356,20.00
35370,15.00
35385,16.00
35397,24.00
35410,36.00
35424,30.00
35437,27.00
35451,18.00
35464,24.00
35478,25.00
35493,30.00
35505,19.00
35519,26.00
35532,27.00
35546,26.00
35560,34.00
35573,27.00
35587,19.00
35600,26.00
35613,24.00
35627,27.00
35640,29.00
35654,24.00
35668,15.00
35681,27.00
35696,22.00
35708,28.00
35722,20.00
35735,17.00
35749,30.00
35762,24.00
35776,34.00
35789,30.00
35804,22.00
35816,18.00
35830,26.00
35844,26.00
35857,30.00
35871,21.00
35884,17.00
35899,21.00
35911,26.00
35925,33.00
35938,21.00
35952,19.00
35965,22.00
35979,22.00
35993,31.00
36007,31.00
36020,19.00
36033,17.00
36047,29.00
36060,26.00
36074,29.00
36087,25.00
36104,26.00
36114,24.00
36128,27.00
36141,43.00
36155,33.00
36169,20.00
36182,20.00
36196,20.00
36210,22.00
36223,29.00
36236,21.00
36250,21.00
36264,22.00
36277,21.00
36290,32.00
36306,29.00
36318,17.00
36331,22.00
36345,28.00
36358,25.00
36372,30.00
36385,20.00
36399,16.00
36413,26.00
36426,26.00
36439,33.00
36453,26.00
36467,20.00
36480,25.00
36494,24.00
36508,25.00
36521,25.00
36534,19.00
36548,18.00
36561,26.00
36575,28.00
36588,33.00
36602,25.00
36617,24.00
36629,27.00
36643,25.00
36656,36.00
36670,21.00
36683,18.00
36697,21.00
36710,22.00
36724,25.00
36737,28.00
36751,21.00
36764,14.00
36778,25.00
36792,18.00
36805,33.00
36820,27.00
36832,17.00
36846,22.00
36859,20.00
36873,30.00
36886,26.00
36900,21.00
36913,19.00
36928,24.00
36940,25.00
36954,29.00
36967,19.00
36981,15.00
36995,26.00
37008,19.00
37023,22.00
37035,27.00
37049,20.00
37062,22.00
37076,22.00
37089,25.00
37103,29.00
37116,21.00
37131,15.00
37144,28.00
37157,22.00
37171,30.00
37184,24.00
37198,19.00
37211,25.00
37226,24