=~=~=~=~=~=~=~=~=~=~=~= PuTTY log 2019.05.17 18:18:43 =~=~=~=~=~=~=~=~=~=~=~=
% =45,2.00
46,5.00
46,1.00
46,1.00
47,3.00
47,5.00
47,4.00
47,4.00
48,3.00
48,3.00
48,3.00
48,4.00
49,3.00
49,12.00
49,6.00
54,4.00
65,3.00
73,5.00
82,7.00
92,5.00
101,6.00
111,1.00
122,7.00
132,4.00
143,5.00
153,6.00
163,3.00
178,2.00
185,8.00
196,1.00
208,4.00
218,5.00
229,3.00
237,4.00
249,6.00
258,7.00
270,3.00
279,5.00
288,3.00
300,7.00
309,6.00
320,8.00
330,2.00
341,3.00
351,6.00
361,4.00
372,6.00
382,7.00
393,7.00
404,4.00
413,2.00
424,8.00
434,6.00
445,4.00
455,6.00
466,7.00
476,6.00
486,6.00
497,3.00
508,5.00
518,8.00
528,4.00
538,8.00
549,5.00
559,7.00
570,7.00
580,2.00
591,4.00
601,7.00
612,2.00
622,7.00
632,4.00
643,8.00
653,9.00
663,3.00
674,7.00
684,7.00
695,6.00
705,5.00
716,3.00
726,6.00
736,10.00
748,5.00
758,5.00
769,13.00
780,3.00
790,10.00
802,8.00
814,4.00
823,4.00
833,3.00
844,14.00
855,6.00
865,3.00
876,6.00
886,10.00
898,3.00
908,4.00
920,3.00
929,2.00
939,5.00
950,3.00
960,5.00
971,13.00
982,5.00
993,5.00
1003,7.00
1014,5.00
1027,8.00
1037,10.00
1050,4.00
1061,4.00
1073,9.00
1084,12.00
1097,2.00
1108,4.00
1121,7.00
1131,3.00
1143,5.00
1154,10.00
1167,3.00
1178,5.00
1190,7.00
1201,5.00
1212,4.00
1225,2.00
1235,5.00
1247,4.00
1258,7.00
1270,9.00
1281,4.00
1293,8.00
1304,10.00
1317,4.00
1329,4.00
1339,7.00
1351,6.00
1362,3.00
1374,4.00
1385,8.00
1397,4.00
1408,5.00
1420,4.00
1432,4.00
1443,5.00
1454,6.00
1465,6.00
1477,6.00
1488,8.00
1500,4.00
1511,6.00
1523,6.00
1535,4.00
1546,8.00
1557,4.00
1569,7.00
1580,6.00
1592,2.00
1603,7.00
1614,3.00
1626,5.00
1638,8.00
1649,3.00
1660,5.00
1672,7.00
1683,2.00
1695,7.00
1706,6.00
1718,4.00
1729,4.00
1741,6.00
1752,4.00
1763,4.00
1775,4.00
1786,7.00
1798,2.00
1809,5.00
1821,6.00
1832,2.00
1844,6.00
1855,7.00
1867,4.00
1878,6.00
1889,7.00
1901,4.00
1912,5.00
1924,8.00
1935,5.00
1948,5.00
1958,6.00
1970,8.00
1981,4.00
1993,7.00
2004,8.00
2015,3.00
2027,3.00
2038,7.00
2050,5.00
2061,6.00
2073,8.00
2084,3.00
2096,4.00
2107,9.00
2119,3.00
2130,3.00
2142,3.00
2153,4.00
2164,9.00
2176,7.00
2187,7.00
2199,3.00
2210,5.00
2222,6.00
2233,3.00
2245,7.00
2256,10.00
2269,6.00
2280,8.00
2292,2.00
2303,5.00
2314,7.00
2326,5.00
2337,6.00
2350,2.00
2360,6.00
2372,8.00
2383,2.00
2395,4.00
2406,5.00
2418,6.00
2429,5.00
2440,9.00
2453,5.00
2463,5.00
2475,6.00
2486,6.00
2498,5.00
2509,4.00
2521,6.00
2532,7.00
2544,4.00
2556,5.00
2567,3.00
2578,6.00
2589,7.00
2601,3.00
2612,7.00
2624,12.00
2636,7.00
2648,5.00
2661,5.00
2671,4.00
2682,5.00
2694,4.00
2705,7.00
2716,3.00
2728,4.00
2739,8.00
2751,3.00
2764,7.00
2774,5.00
2785,3.00
2797,7.00
2808,3.00
2820,5.00
2831,6.00
2843,9.00
2854,3.00
2866,3.00
2877,5.00
2888,12.00
2901,3.00
2912,5.00
2924,5.00
2935,6.00
2947,7.00
2958,8.00
2970,3.00
2981,6.00
2993,5.00
3004,4.00
3015,5.00
3027,4.00
3038,8.00
3050,5.00
3061,3.00
3073,8.00
3084,6.00
3096,5.00
3107,7.00
3119,2.00
3130,8.00
3142,10.00
3154,3.00
3165,7.00
3178,5.00
3188,4.00
3200,5.00
3211,3.00
3223,7.00
3234,3.00
3246,4.00
3257,9.00
3269,4.00
3280,9.00
3291,9.00
3303,4.00
3314,6.00
3326,7.00
3337,4.00
3349,6.00
3360,5.00
3372,4.00
3383,6.00
3395,5.00
3406,7.00
3418,2.00
3429,7.00
3441,6.00
3452,1.00
3463,7.00
3476,5.00
3486,3.00
3498,7.00
3509,8.00
3521,3.00
3532,6.00
3544,6.00
3555,6.00
3567,5.00
3579,3.00
3589,5.00
3601,4.00
3612,4.00
3624,7.00
3635,5.00
3647,4.00
3658,4.00
3670,8.00
3682,5.00
3693,5.00
3704,4.00
3715,5.00
3727,6.00
3738,4.00
3750,5.00
3761,5.00
3773,5.00
3785,1.00
3796,4.00
3807,10.00
3820,1.00
3831,3.00
3843,6.00
3854,9.00
3865,10.00
3878,5.00
3891,5.00
3901,6.00
3912,6.00
3924,6.00
3935,4.00
3947,8.00
3958,10.00
3971,3.00
3982,5.00
3996,7.00
4005,4.00
4016,9.00
4028,6.00
4039,3.00
4051,7.00
4062,5.00
4074,4.00
4085,3.00
4097,7.00
4108,10.00
4121,9.00
4132,6.00
4144,6.00
4155,3.00
4166,7.00
4178,6.00
4189,3.00
4202,3.00
4212,4.00
4224,2.00
4235,4.00
4247,9.00
4258,8.00
4270,7.00
4281,6.00
4293,6.00
4304,2.00
4315,4.00
4327,6.00
4338,6.00
4350,6.00
4361,8.00
4373,5.00
4384,5.00
4396,3.00
4407,4.00
4419,4.00
4430,5.00
4442,9.00
4453,7.00
4464,5.00
4476,8.00
4487,3.00
4501,7.00
4510,6.00
4522,6.00
4533,5.00
4545,8.00
4556,6.00
4567,6.00
4579,6.00
4591,3.00
4603,5.00
4613,5.00
4625,7.00
4636,5.00
4648,6.00
4659,7.00
4671,3.00
4682,3.00
4693,7.00
4707,3.00
4716,8.00
4728,9.00
4739,6.00
4751,8.00
4762,6.00
4774,3.00
4785,7.00
4797,5.00
4809,9.00
4820,6.00
4831,6.00
4843,7.00
4854,2.00
4865,4.00
4877,8.00
4888,3.00
4900,4.00
4912,6.00
4923,3.00
4934,5.00
4946,8.00
4957,3.00
4968,10.00
4981,4.00
4992,7.00
5004,7.00
5016,3.00
5027,7.00
5038,7.00
5050,4.00
5061,6.00
5073,8.00
5084,13.00
5097,8.00
5108,2.00
5120,8.00
5131,7.00
5143,5.00
5154,7.00
5165,6.00
5177,8.00
5188,7.00
5200,4.00
5211,6.00
5223,2.00
5234,5.00
5246,9.00
5257,2.00
5268,6.00
5280,7.00
5291,4.00
5303,4.00
5314,3.00
5326,6.00
5337,5.00
5349,6.00
5360,8.00
5372,4.00
5383,6.00
5395,7.00
5406,6.00
5417,10.00
5430,8.00
5441,2.00
5453,4.00
5464,6.00
5476,4.00
5487,6.00
5499,7.00
5510,6.00
5522,5.00
5533,4.00
5545,7.00
5556,4.00
5567,4.00
5579,7.00
5590,2.00
5602,5.00
5613,8.00
5626,3.00
5636,7.00
5648,6.00
5659,4.00
5671,4.00
5682,4.00
5693,4.00
5705,6.00
5716,4.00
5729,7.00
5739,4.00
5751,9.00
5762,9.00
5774,2.00
5785,4.00
5797,10.00
5809,7.00
5821,6.00
5834,3.00
5844,4.00
5855,6.00
5866,4.00
5878,7.00
5889,4.00
5901,4.00
5912,6.00
5924,2.00
5936,6.00
5947,4.00
5958,5.00
5969,6.00
5981,7.00
5992,6.00
6004,8.00
6015,6.00
6027,4.00
6039,4.00
6050,7.00
6061,4.00
6073,7.00
6084,5.00
6096,8.00
6107,2.00
6118,4.00
6130,8.00
6142,2.00
6153,7.00
6164,7.00
6176,5.00
6187,6.00
6199,5.00
6210,5.00
6222,6.00
6233,5.00
6245,9.00
6256,5.00
6267,4.00
6279,9.00
6290,2.00
6302,4.00
6313,9.00
6325,6.00
6336,4.00
6349,6.00
6359,4.00
6371,14.00
6383,5.00
6394,5.00
6406,5.00
6417,5.00
6429,8.00
6441,5.00
6453,3.00
6463,8.00
6475,3.00
6486,7.00
6498,4.00
6509,3.00
6521,6.00
6532,13.00
6545,4.00
6556,5.00
6567,8.00
6579,3.00
6590,3.00
6602,4.00
6613,8.00
6625,2.00
6636,9.00
6649,9.00
6659,5.00
6671,5.00
6682,8.00
6693,3.00
6705,8.00
6716,7.00
6728,4.00
6739,6.00
6752,2.00
6762,4.00
6774,3.00
6785,7.00
6797,7.00
6808,3.00
6819,4.00
6831,9.00
6842,2.00
6854,4.00
6865,6.00
6877,3.00
6888,6.00
6900,15.00
6912,4.00
6924,5.00
6935,2.00
6947,8.00
6958,7.00
6969,2.00
6981,5.00
6992,2.00
7004,5.00
7015,5.00
7027,3.00
7038,5.00
7050,6.00
7063,4.00
7073,7.00
7084,10.00
7097,8.00
7108,4.00
7119,6.00
7131,6.00
7142,6.00
7154,5.00
7166,7.00
7177,6.00
7188,7.00
7200,8.00
7211,3.00
7223,7.00
7234,5.00
7246,3.00
7257,6.00
7269,3.00
7280,6.00
7291,6.00
7303,2.00
7314,5.00
7326,2.00
7337,5.00
7349,6.00
7360,2.00
7373,7.00
7383,9.00
7394,3.00
7406,7.00
7417,9.00
7429,4.00
7440,5.00
7452,4.00
7463,9.00
7476,5.00
7486,3.00
7498,7.00
7509,4.00
7520,5.00
7532,9.00
7544,5.00
7555,3.00
7566,6.00
7578,5.00
7589,5.00
7601,13.00
7613,4.00
7625,7.00
7636,10.00
7649,7.00
7660,2.00
7672,4.00
7683,4.00
7694,3.00
7706,5.00
7717,7.00
7729,6.00
7740,5.00
7752,5.00
7763,4.00
7776,2.00
7786,6.00
7798,5.00
7809,8.00
7820,12.00
7833,7.00
7845,5.00
7856,12.00
7868,6.00
7881,5.00
7891,5.00
7903,8.00
7914,3.00
7926,4.00
7937,3.00
7949,12.00
7961,3.00
7973,6.00
7985,5.00
7995,4.00
8007,7.00
8018,5.00
8030,4.00
8042,5.00
8053,6.00
8064,4.00
8076,4.00
8089,4.00
8099,8.00
8110,5.00
8122,7.00
8133,8.00
8145,3.00
8156,4.00
8167,7.00
8179,5.00
8191,4.00
8202,8.00
8213,3.00
8225,7.00
8236,6.00
8248,6.00
8259,5.00
8270,9.00
8282,9.00
8294,1.00
8305,5.00
8316,8.00
8328,2.00
8339,4.00
8351,6.00
8362,1.00
8374,8.00
8385,7.00
8397,4.00
8408,12.00
8420,6.00
8432,4.00
8443,4.00
8455,5.00
8466,8.00
8478,2.00
8489,4.00
8501,9.00
8512,3.00
8524,9.00
8535,13.00
8548,6.00
8559,7.00
8570,6.00
8582,4.00
8594,2.00
8605,5.00
8616,8.00
8628,1.00
8639,5.00
8651,16.00
8663,4.00
8675,7.00
8686,12.00
8699,10.00
8711,3.00
8722,6.00
8734,19.00
8747,2.00
8758,7.00
8769,25.00
8782,4.00
8793,12.00
8807,7.00
8817,8.00
8829,4.00
8840,7.00
8852,7.00
8863,2.00
8875,8.00
8886,9.00
8897,6.00
8910,7.00
8920,5.00
8932,5.00
8943,4.00
8955,5.00
8966,7.00
8978,5.00
8989,3.00
9001,10.00
9013,3.00
9025,4.00
9036,5.00
9048,5.00
9059,6.00
9070,4.00
9082,7.00
9093,6.00
9106,5.00
9116,12.00
9129,9.00
9140,3.00
9152,6.00
9163,2.00
9175,6.00
9186,12.00
9199,5.00
9211,7.00
9221,4.00
9233,9.00
9244,7.00
9256,4.00
9267,8.00
9279,4.00
9290,5.00
9302,7.00
9314,5.00
9325,7.00
9336,7.00
9348,3.00
9359,6.00
9370,6.00
9382,6.00
9393,13.00
9406,4.00
9418,5.00
9429,9.00
9440,4.00
9452,10.00
9464,2.00
9476,9.00
9487,7.00
9499,5.00
9510,5.00
9522,5.00
9533,4.00
9545,7.00
9556,6.00
9567,7.00
9579,5.00
9590,4.00
9602,5.00
9613,3.00
9626,13.00
9637,7.00
9649,8.00
9660,4.00
9671,10.00
9684,8.00
9695,5.00
9707,6.00
9718,7.00
9730,3.00
9741,4.00
9753,7.00
9764,5.00
9776,5.00
9787,6.00
9798,5.00
9810,6.00
9822,4.00
9833,4.00
9844,4.00
9856,12.00
9868,9.00
9880,3.00
9891,3.00
9903,8.00
9914,2.00
9927,4.00
9937,7.00
9948,3.00
9960,5.00
9971,6.00
9983,4.00
9994,6.00
10006,5.00
10018,6.00
10032,5.00
10044,6.00
10056,4.00
10068,6.00
10081,7.00
10093,5.00
10106,5.00
10118,7.00
10132,5.00
10144,5.00
10156,5.00
10168,6.00
10181,4.00
10193,5.00
10206,10.00
10220,8.00
10232,7.00
10245,6.00
10257,6.00
10269,7.00
10282,3.00
10294,9.00
10307,13.00
10320,8.00
10333,5.00
10345,5.00
10358,2.00
10370,8.00
10383,6.00
10395,6.00
10408,4.00
10420,5.00
10433,4.00
10447,4.00
10458,7.00
10470,5.00
10483,6.00
10495,5.00
10508,3.00
10520,6.00
10533,5.00
10547,3.00
10558,6.00
10570,8.00
10583,3.00
10595,5.00
10608,3.00
10620,5.00
10633,4.00
10648,3.00
10658,4.00
10670,7.00
10683,6.00
10695,5.00
10708,5.00
10720,7.00
10733,4.00
10747,5.00
10758,3.00
10770,9.00
10783,4.00
10795,6.00
10808,6.00
10820,10.00
10834,5.00
10848,2.00
10859,3.00
10871,6.00
10884,3.00
10896,3.00
10909,5.00
10921,8.00
10934,5.00
10946,4.00
10959,6.00
10971,7.00
10984,5.00
10997,6.00
11009,4.00
11021,12.00
11035,4.00
11048,4.00
11062,3.00
11072,5.00
11085,5.00
11097,4.00
11110,5.00
11122,6.00
11135,4.00
11148,9.00
11161,10.00
11174,5.00
11186,9.00
11198,2.00
11211,4.00
11223,5.00
11236,8.00
11249,7.00
11262,5.00
11273,4.00
11286,7.00
11298,4.00
11311,4.00
11324,4.00
11336,5.00
11349,4.00
11362,3.00
11373,3.00
11386,5.00
11399,4.00
11411,6.00
11423,6.00
11436,7.00
11449,5.00
11462,6.00
11473,8.00
11486,7.00
11498,3.00
11511,6.00
11523,9.00
11536,9.00
11549,4.00
11561,4.00
11573,4.00
11586,6.00
11598,6.00
11611,7.00
11623,12.00
11637,6.00
11650,8.00
11662,7.00
11677,2.00
11687,6.00
11699,4.00
11712,3.00
11725,5.00
11737,5.00
11750,3.00
11762,4.00
11776,5.00
11787,7.00
11799,3.00
11812,5.00
11824,4.00
11837,7.00
11850,6.00
11862,4.00
11876,3.00
11887,7.00
11899,4.00
11912,4.00
11924,7.00
11937,7.00
11950,2.00
11962,5.00
11976,3.00
11988,6.00
11999,3.00
12012,9.00
12024,8.00
12037,6.00
12050,3.00
12062,13.00
12077,4.00
12088,6.00
12100,4.00
12113,7.00
12125,3.00
12138,10.00
12152,6.00
12164,4.00
12178,6.00
12189,7.00
12202,4.00
12214,4.00
12227,7.00
12239,9.00
12252,4.00
12264,4.00
12277,4.00
12289,4.00
12302,4.00
12314,7.00
12327,5.00
12339,9.00
12352,7.00
12364,5.00
12377,5.00
12391,6.00
12402,3.00
12414,2.00
12427,7.00
12439,8.00
12452,3.00
12464,7.00
12477,4.00
12490,7.00
12502,4.00
12514,5.00
12527,3.00
12539,8.00
12552,2.00
12564,2.00
12577,7.00
12590,5.00
12602,4.00
12614,4.00
12627,5.00
12639,6.00
12652,3.00
12664,6.00
12677,4.00
12690,8.00
12702,3.00
12714,6.00
12727,9.00
12739,8.00
12752,3.00
12764,3.00
12777,8.00
12789,5.00
12802,3.00
12814,6.00
12827,3.00
12839,6.00
12852,3.00
12864,4.00
12877,7.00
12889,5.00
12904,5.00
12914,8.00
12927,6.00
12939,6.00
12951,2.00
12964,7.00
12976,9.00
12989,9.00
13003,7.00
13014,7.00
13027,4.00
13039,13.00
13053,5.00
13065,4.00
13078,2.00
13090,8.00
13104,5.00
13115,5.00
13128,5.00
13140,8.00
13153,5.00
13165,10.00
13179,6.00
13191,4.00
13206,5.00
13216,3.00
13229,6.00
13241,8.00
13254,4.00
13266,4.00
13279,13.00
13292,6.00
13306,7.00
13317,8.00
13330,6.00
13342,6.00
13355,8.00
13367,1.00
13380,5.00
13392,6.00
13405,6.00
13417,3.00
13430,5.00
13442,12.00
13456,6.00
13468,7.00
13481,5.00
13493,3.00
13506,8.00
13519,4.00
13531,6.00
13543,12.00
13557,12.00
13570,5.00
13583,6.00
13595,4.00
13608,9.00
13621,6.00
13633,9.00
13645,4.00
13658,7.00
13670,4.00
13683,5.00
13695,5.00
13708,6.00
13722,7.00
13733,5.00
13745,7.00
13758,9.00
13770,3.00
13783,12.00
13796,5.00
13809,5.00
13822,6.00
13834,4.00
13846,5.00
13859,6.00
13871,6.00
13884,2.00
13896,5.00