=~=~=~=~=~=~=~=~=~=~=~= PuTTY log 2019.05.17 18:19:50 =~=~=~=~=~=~=~=~=~=~=~=
=45,9.00
46,5.00
46,3.00
46,16.00
47,1.00
47,3.00
47,1.00
48,2.00
48,0.00
48,1.00
48,0.00
49,5.00
49,2.00
50,2.00
50,7.00
54,9.00
63,0.00
74,3.00
82,8.00
92,5.00
101,12.00
113,5.00
123,20.00
134,5.00
145,6.00
155,10.00
170,13.00
178,10.00
191,3.00
203,5.00
213,4.00
223,6.00
232,4.00
244,8.00
253,8.00
265,4.00
273,9.00
284,4.00
294,10.00
305,14.00
317,3.00
327,7.00
337,9.00
348,4.00
358,4.00
369,14.00
381,1.00
391,10.00
402,10.00
413,3.00
424,5.00
434,5.00
445,7.00
455,12.00
467,2.00
477,6.00
489,15.00
499,6.00
509,9.00
520,13.00
531,1.00
542,5.00
552,4.00
562,5.00
573,7.00
584,5.00
594,8.00
604,5.00
614,2.00
625,4.00
635,5.00
646,6.00
656,7.00
667,3.00
677,8.00
688,5.00
698,2.00
708,4.00
719,4.00
729,6.00
739,6.00
750,3.00
760,4.00
771,8.00
781,4.00
792,5.00
802,10.00
813,8.00
824,6.00
834,5.00
845,5.00
855,8.00
865,3.00
876,3.00
886,6.00
899,5.00
907,5.00
918,4.00
928,5.00
938,5.00
949,5.00
959,6.00
970,7.00
980,7.00
991,5.00
1001,5.00
1012,7.00
1024,6.00
1035,6.00
1047,7.00
1058,6.00
1070,9.00
1081,4.00
1093,4.00
1104,8.00
1115,6.00
1127,6.00
1138,5.00
1150,3.00
1161,5.00
1173,7.00
1184,3.00
1196,9.00
1208,13.00
1220,4.00
1231,7.00
1243,4.00
1254,12.00
1267,1.00
1278,8.00
1289,17.00
1303,8.00
1313,10.00
1326,2.00
1337,13.00
1350,0.00
1361,5.00
1373,10.00
1385,5.00
1397,5.00
1409,12.00
1421,8.00
1432,5.00
1444,6.00
1455,14.00
1468,2.00
1479,7.00
1490,12.00
1503,6.00
1515,4.00
1526,5.00
1537,9.00
1549,5.00
1560,7.00
1572,14.00
1584,6.00
1596,7.00
1608,9.00
1619,3.00
1630,12.00
1643,12.00
1655,9.00
1667,2.00
1678,5.00
1689,14.00
1702,2.00
1714,4.00
1725,13.00
1737,7.00
1749,7.00
1760,7.00
1772,14.00
1784,2.00
1796,7.00
1807,9.00
1819,3.00
1830,7.00
1842,4.00
1853,3.00
1864,6.00
1876,7.00
1887,3.00
1899,13.00
1911,4.00
1924,5.00
1934,4.00
1946,6.00
1957,27.00
1970,6.00
1981,9.00
1993,4.00
2004,5.00
2015,6.00
2028,5.00
2038,12.00
2051,3.00
2062,5.00
2074,7.00
2085,4.00
2097,4.00
2108,7.00
2121,2.00
2131,6.00
2143,9.00
2154,8.00
2165,6.00
2177,9.00
2188,7.00
2200,4.00
2211,4.00
2224,6.00
2234,4.00
2246,6.00
2257,7.00
2269,3.00
2280,12.00
2293,5.00
2304,4.00
2315,7.00
2328,4.00
2338,5.00
2350,5.00
2361,4.00
2373,7.00
2384,4.00
2396,8.00
2407,8.00
2419,3.00
2431,6.00
2442,10.00
2454,3.00
2465,6.00
2477,6.00
2488,5.00
2500,15.00
2512,7.00
2524,14.00
2537,3.00
2548,12.00
2560,15.00
2573,10.00
2585,2.00
2597,4.00
2608,9.00
2620,1.00
2632,8.00
2643,13.00
2655,6.00
2667,7.00
2678,6.00
2689,13.00
2702,3.00
2713,5.00
2725,12.00
2738,3.00
2749,6.00
2760,7.00
2772,4.00
2783,7.00
2795,16.00
2807,30.00
2820,1.00
2831,26.00
2845,9.00
2855,13.00
2868,6.00
2879,6.00
2890,13.00
2903,2.00
2914,7.00
2926,13.00
2938,3.00
2950,6.00
2961,13.00
2974,12.00
2986,0.00
2998,4.00
3009,12.00
3022,9.00
3033,9.00
3046,3.00
3056,5.00
3068,9.00
3079,6.00
3090,10.00
3103,3.00
3114,4.00
3126,9.00
3137,2.00
3150,6.00
3160,13.00
3173,5.00
3184,10.00
3197,5.00
3208,8.00
3220,2.00
3231,5.00
3243,6.00
3255,7.00
3265,8.00
3277,6.00
3288,7.00
3300,3.00
3311,5.00
3323,5.00
3334,6.00
3346,5.00
3357,8.00
3369,8.00
3380,7.00
3391,7.00
3403,4.00
3414,7.00
3426,10.00
3438,3.00
3450,6.00
3461,6.00
3473,4.00
3484,9.00
3496,6.00
3507,7.00
3519,7.00
3530,4.00
3542,9.00
3554,2.00
3564,6.00
3576,6.00
3587,1.00
3599,5.00
3610,8.00
3622,4.00
3633,8.00
3645,7.00
3656,6.00
3668,5.00
3679,10.00
3691,8.00
3703,5.00
3714,2.00
3726,12.00
3738,2.00
3750,8.00
3762,7.00
3773,7.00
3784,7.00
3796,9.00
3807,14.00
3820,3.00
3831,6.00
3843,10.00
3855,1.00
3867,9.00
3878,13.00
3890,12.00
3903,12.00
3915,12.00
3928,16.00
3940,3.00
3952,12.00
3965,13.00
3977,9.00
3988,3.00
4000,8.00
4011,16.00
4024,5.00
4035,10.00
4048,9.00
4059,15.00
4072,2.00
4083,10.00
4096,19.00
4108,4.00
4120,7.00
4131,9.00
4143,10.00
4155,2.00
4166,3.00
4178,12.00
4190,1.00
4202,9.00
4213,9.00
4225,3.00
4236,8.00
4248,5.00
4259,10.00
4272,9.00
4283,4.00
4295,8.00
4306,3.00
4317,5.00
4329,14.00
4342,4.00
4353,7.00
4364,5.00
4377,7.00
4387,8.00
4399,10.00
4411,8.00
4423,4.00
4434,5.00
4446,7.00
4457,4.00
4468,5.00
4481,4.00
4491,3.00
4503,7.00
4514,5.00
4526,12.00
4538,7.00
4550,5.00
4561,7.00
4573,3.00
4586,4.00
4596,6.00
4607,3.00
4618,9.00
4630,6.00
4642,5.00
4653,4.00
4664,5.00
4676,8.00
4688,10.00
4700,4.00
4711,6.00
4723,2.00
4734,8.00
4746,8.00
4757,12.00
4770,4.00
4781,4.00
4794,7.00
4804,5.00
4815,3.00
4827,5.00
4838,4.00
4850,4.00
4861,6.00
4873,5.00
4885,5.00
4896,12.00
4908,2.00
4920,7.00
4931,12.00
4944,9.00
4955,5.00
4966,4.00
4978,20.00
4991,1.00
5002,13.00
5014,7.00
5026,4.00
5037,12.00
5050,8.00
5061,17.00
5074,5.00
5085,12.00
5099,10.00
5110,7.00
5122,4.00
5133,4.00
5145,12.00
5157,2.00
5168,7.00
5180,12.00
5193,5.00
5204,10.00
5216,7.00
5228,12.00
5240,5.00
5252,10.00
5264,9.00
5276,2.00
5287,10.00
5301,7.00
5311,14.00
5324,8.00
5335,10.00
5348,3.00
5359,5.00
5371,8.00
5382,9.00
5393,3.00
5405,6.00
5416,5.00
5428,13.00
5440,1.00
5452,4.00
5463,16.00
5476,8.00
5487,8.00
5500,4.00
5510,4.00
5522,5.00
5533,4.00
5545,7.00
5556,4.00
5567,4.00
5579,7.00
5590,2.00
5603,5.00
5613,10.00
5626,5.00
5637,5.00
5649,6.00
5660,4.00
5672,9.00
5683,5.00
5694,12.00
5708,2.00
5719,9.00
5730,7.00
5741,3.00
5753,7.00
5764,9.00
5776,4.00
5787,5.00
5799,6.00
5812,6.00
5822,6.00
5833,5.00
5845,7.00
5856,3.00
5867,4.00
5879,7.00
5890,6.00
5902,5.00
5914,4.00
5925,3.00
5936,10.00
5949,5.00
5960,3.00
5972,6.00
5983,6.00
5994,5.00
6006,3.00
6018,4.00
6029,8.00
6040,5.00
6052,4.00
6063,10.00
6076,3.00
6087,4.00
6099,8.00
6110,4.00
6122,5.00
6133,5.00
6145,8.00
6156,4.00
6167,5.00
6179,10.00
6191,0.00
6203,9.00
6214,7.00
6226,5.00
6237,12.00
6250,12.00
6262,17.00
6275,1.00
6286,5.00
6298,13.00
6310,2.00
6322,8.00
6333,12.00
6346,9.00
6357,3.00
6368,7.00
6380,17.00
6392,1.00
6404,6.00
6415,8.00
6428,6.00
6438,7.00
6450,14.00
6462,10.00
6475,1.00
6486,5.00
6498,15.00
6510,3.00
6522,6.00
6533,8.00
6545,4.00
6556,12.00
6568,5.00
6580,13.00
6592,4.00
6604,6.00
6615,13.00
6629,2.00
6639,7.00
6651,8.00
6662,6.00
6674,7.00
6685,6.00
6697,13.00
6709,3.00
6720,7.00
6733,12.00
6745,3.00
6756,10.00
6768,4.00
6780,17.00
6792,3.00
6804,3.00
6815,9.00
6827,2.00
6839,5.00
6850,9.00
6861,7.00
6873,6.00
6884,7.00
6895,8.00
6907,4.00
6918,4.00
6930,10.00
6942,3.00
6954,4.00
6965,7.00
6977,4.00
6988,6.00
7000,10.00
7012,5.00
7024,5.00
7036,2.00
7047,7.00
7058,8.00
7069,5.00
7081,9.00
7092,6.00
7104,6.00
7115,6.00
7127,2.00
7139,4.00
7150,6.00
7161,4.00
7173,6.00
7184,6.00
7195,5.00
7207,6.00
7218,10.00
7231,7.00
7243,3.00
7254,3.00
7265,8.00
7277,3.00
7288,8.00
7300,7.00
7311,3.00
7323,5.00
7334,7.00
7346,4.00
7357,4.00
7368,5.00
7380,5.00
7391,3.00
7403,4.00
7414,7.00
7426,1.00
7437,7.00
7449,6.00
7460,1.00
7471,3.00
7483,9.00
7494,4.00
7506,7.00
7517,20.00
7530,5.00
7541,3.00
7553,8.00
7564,17.00
7577,6.00
7588,4.00
7600,8.00
7611,3.00
7623,6.00
7634,10.00
7647,13.00
7659,6.00
7671,5.00
7682,15.00
7694,2.00
7706,7.00
7717,15.00
7730,4.00
7741,4.00
7753,3.00
7764,9.00
7776,8.00
7787,2.00
7799,15.00
7811,5.00
7823,8.00
7834,10.00
7847,4.00
7859,9.00
7869,7.00
7881,10.00
7893,2.00
7905,3.00
7916,10.00
7929,3.00
7940,12.00
7953,8.00
7965,10.00
7977,8.00
7988,6.00
8000,9.00
8011,1.00
8023,6.00
8034,12.00
8047,6.00
8058,4.00
8070,4.00
8081,3.00
8092,3.00
8104,7.00
8115,7.00
8127,1.00
8138,4.00
8150,6.00
8162,2.00
8173,4.00
8184,8.00
8195,2.00
8207,7.00
8218,8.00
8230,4.00
8241,4.00
8253,6.00
8265,7.00
8276,5.00
8287,4.00
8299,10.00
8311,4.00
8323,4.00
8334,6.00
8346,6.00
8357,10.00
8370,4.00
8381,4.00
8392,5.00
8404,9.00
8415,5.00
8427,9.00
8438,6.00
8450,7.00
8461,6.00
8473,6.00
8484,8.00
8495,2.00
8507,5.00
8518,14.00
8531,4.00
8543,3.00
8554,5.00
8565,7.00
8577,2.00
8588,6.00
8600,8.00
8611,4.00
8622,4.00
8634,7.00
8646,4.00
8657,6.00
8668,9.00
8681,4.00
8691,8.00
8703,7.00
8714,1.00
8726,9.00
8737,10.00
8750,19.00
8762,1.00
8774,14.00
8786,9.00
8797,2.00
8809,7.00
8820,9.00
8832,6.00
8843,7.00
8855,4.00
8866,7.00
8878,1.00
8889,7.00
8901,17.00
8913,8.00
8925,13.00
8937,15.00
8950,8.00
8961,5.00
8972,9.00
8985,7.00
8995,3.00
9007,5.00
9018,8.00
9030,4.00
9042,7.00
9053,8.00
9064,3.00
9076,2.00
9088,5.00
9099,7.00
9110,4.00
9121,10.00
9134,9.00
9146,4.00
9157,8.00
9168,7.00
9180,2.00
9192,5.00
9203,10.00
9215,6.00
9227,13.00
9239,10.00
9252,12.00
9264,1.00
9276,9.00
9288,7.00
9299,4.00
9310,6.00
9321,9.00
9333,9.00
9344,9.00
9356,6.00
9367,9.00
9379,4.00
9391,2.00
9402,9.00
9413,2.00
9425,10.00
9437,13.00
9450,4.00
9461,9.00
9472,4.00
9484,8.00
9496,2.00
9507,5.00
9518,8.00
9530,5.00
9541,6.00
9553,7.00
9564,3.00
9576,12.00
9588,7.00
9600,6.00
9611,5.00
9622,4.00
9634,7.00
9646,5.00
9657,5.00
9668,7.00
9680,5.00
9691,6.00
9703,8.00
9714,3.00
9726,6.00
9737,7.00
9749,6.00
9760,5.00
9771,12.00
9784,10.00
9796,7.00
9809,7.00
9819,6.00
9831,3.00
9842,7.00
9854,12.00
9866,5.00
9878,9.00
9889,5.00
9901,5.00
9913,2.00
9923,4.00
9935,6.00
9947,3.00
9958,5.00
9969,6.00
9981,2.00
9992,5.00
10005,4.00
10016,4.00
10029,5.00
10041,4.00
10054,19.00
10067,14.00
10081,0.00
10093,9.00
10106,9.00
10118,19.00
10132,6.00
10144,5.00
10157,6.00
10169,8.00
10182,2.00
10194,5.00
10207,7.00
10219,9.00
10232,5.00
10244,12.00
10258,3.00
10270,9.00
10283,4.00
10295,9.00
10308,5.00
10321,5.00
10333,5.00
10345,12.00
10359,8.00
10371,15.00
10385,8.00
10397,1.00
10410,10.00
10425,4.00
10436,10.00
10450,4.00
10462,6.00
10474,5.00
10487,14.00
10501,3.00
10513,4.00
10527,13.00
10539,13.00
10553,10.00
10566,4.00
10579,8.00
10591,6.00
10604,20.00
10617,6.00
10630,3.00
10642,8.00
10655,14.00
10669,10.00
10682,2.00
10694,6.00
10707,7.00
10719,9.00
10732,4.00
10744,7.00
10757,5.00
10769,12.00
